Flow report for RS232_Communication
Sun Nov 16 09:52:58 2025
Quartus Prime Version 24.1std.0 Build 1077 03/04/2025 SC Lite Edition


---------------------
; Table of Contents ;
---------------------
  1. Legal Notice
  2. Flow Summary
  3. Flow Settings
  4. Flow Non-Default Global Settings
  5. Flow Elapsed Time
  6. Flow OS Summary
  7. Flow Log
  8. Flow Messages
  9. Flow Suppressed Messages



----------------
; Legal Notice ;
----------------
Copyright (C) 2025  Altera Corporation. All rights reserved.
Your use of Altera Corporation's design tools, logic functions 
and other software and tools, and any partner logic 
functions, and any output files from any of the foregoing 
(including device programming or simulation files), and any 
associated documentation or information are expressly subject 
to the terms and conditions of the Altera Program License 
Subscription Agreement, the Altera Quartus Prime License Agreement,
the Altera IP License Agreement, or other applicable license
agreement, including, without limitation, that your use is for
the sole purpose of programming logic devices manufactured by
Altera and sold by Altera or its authorized distributors.  Please
refer to the Altera Software License Subscription Agreements 
on the Quartus Prime software download page.



+--------------------------------------------------------------------------------------+
; Flow Summary                                                                         ;
+------------------------------------+-------------------------------------------------+
; Flow Status                        ; Successful - Sun Nov 16 09:52:58 2025           ;
; Quartus Prime Version              ; 24.1std.0 Build 1077 03/04/2025 SC Lite Edition ;
; Revision Name                      ; RS232_Communication                             ;
; Top-level Entity Name              ; rs232_top                                       ;
; Family                             ; Cyclone IV E                                    ;
; Device                             ; EP4CE115F29C7                                   ;
; Timing Models                      ; Final                                           ;
; Total logic elements               ; 375 / 114,480 ( < 1 % )                         ;
;     Total combinational functions  ; 360 / 114,480 ( < 1 % )                         ;
;     Dedicated logic registers      ; 117 / 114,480 ( < 1 % )                         ;
; Total registers                    ; 117                                             ;
; Total pins                         ; 112 / 529 ( 21 % )                              ;
; Total virtual pins                 ; 0                                               ;
; Total memory bits                  ; 0 / 3,981,312 ( 0 % )                           ;
; Embedded Multiplier 9-bit elements ; 0 / 532 ( 0 % )                                 ;
; Total PLLs                         ; 0 / 4 ( 0 % )                                   ;
+------------------------------------+-------------------------------------------------+


+-----------------------------------------+
; Flow Settings                           ;
+-------------------+---------------------+
; Option            ; Setting             ;
+-------------------+---------------------+
; Start date & time ; 11/16/2025 09:51:58 ;
; Main task         ; Compilation         ;
; Revision Name     ; RS232_Communication ;
+-------------------+---------------------+


+-----------------------------------------------------------------------------------------------------------------------------------+
; Flow Non-Default Global Settings                                                                                                  ;
+-------------------------------------+----------------------------------------+---------------------+-------------+----------------+
; Assignment Name                     ; Value                                  ; Default Value       ; Entity Name ; Section Id     ;
+-------------------------------------+----------------------------------------+---------------------+-------------+----------------+
; COMPILER_SIGNATURE_ID               ; 1095722942337.176328311835016          ; --                  ; --          ; --             ;
; EDA_OUTPUT_DATA_FORMAT              ; Vhdl                                   ; --                  ; --          ; eda_simulation ;
; EDA_SIMULATION_TOOL                 ; Questa Intel FPGA (VHDL)               ; <None>              ; --          ; --             ;
; EDA_TIME_SCALE                      ; 1 ps                                   ; --                  ; --          ; eda_simulation ;
; MAX_CORE_JUNCTION_TEMP              ; 85                                     ; --                  ; --          ; --             ;
; MIN_CORE_JUNCTION_TEMP              ; 0                                      ; --                  ; --          ; --             ;
; NOMINAL_CORE_SUPPLY_VOLTAGE         ; 1.2V                                   ; --                  ; --          ; --             ;
; PARTITION_COLOR                     ; -- (Not supported for targeted family) ; --                  ; rs232_top   ; Top            ;
; PARTITION_FITTER_PRESERVATION_LEVEL ; -- (Not supported for targeted family) ; --                  ; rs232_top   ; Top            ;
; PARTITION_NETLIST_TYPE              ; -- (Not supported for targeted family) ; --                  ; rs232_top   ; Top            ;
; PROJECT_OUTPUT_DIRECTORY            ; output_files                           ; --                  ; --          ; --             ;
; SEARCH_PATH                         ; src                                    ; --                  ; --          ; --             ;
; TOP_LEVEL_ENTITY                    ; rs232_top                              ; RS232_Communication ; --          ; --             ;
+-------------------------------------+----------------------------------------+---------------------+-------------+----------------+


+--------------------------------------------------------------------------------------------------------------------------+
; Flow Elapsed Time                                                                                                        ;
+----------------------+--------------+-------------------------+---------------------+------------------------------------+
; Module Name          ; Elapsed Time ; Average Processors Used ; Peak Virtual Memory ; Total CPU Time (on all processors) ;
+----------------------+--------------+-------------------------+---------------------+------------------------------------+
; Analysis & Synthesis ; 00:00:18     ; 1.0                     ; 4901 MB             ; 00:00:32                           ;
; Fitter               ; 00:00:22     ; 1.0                     ; 5764 MB             ; 00:00:29                           ;
; Assembler            ; 00:00:08     ; 1.0                     ; 4985 MB             ; 00:00:04                           ;
; Timing Analyzer      ; 00:00:04     ; 1.1                     ; 4901 MB             ; 00:00:04                           ;
; EDA Netlist Writer   ; 00:00:01     ; 1.0                     ; 4676 MB             ; 00:00:01                           ;
; Total                ; 00:00:53     ; --                      ; --                  ; 00:01:10                           ;
+----------------------+--------------+-------------------------+---------------------+------------------------------------+


+------------------------------------------------------------------------------------+
; Flow OS Summary                                                                    ;
+----------------------+------------------+------------+------------+----------------+
; Module Name          ; Machine Hostname ; OS Name    ; OS Version ; Processor type ;
+----------------------+------------------+------------+------------+----------------+
; Analysis & Synthesis ; LAPTOP-2P4NOMI9  ; Windows 10 ; 10.0       ; x86_64         ;
; Fitter               ; LAPTOP-2P4NOMI9  ; Windows 10 ; 10.0       ; x86_64         ;
; Assembler            ; LAPTOP-2P4NOMI9  ; Windows 10 ; 10.0       ; x86_64         ;
; Timing Analyzer      ; LAPTOP-2P4NOMI9  ; Windows 10 ; 10.0       ; x86_64         ;
; EDA Netlist Writer   ; LAPTOP-2P4NOMI9  ; Windows 10 ; 10.0       ; x86_64         ;
+----------------------+------------------+------------+------------+----------------+


------------
; Flow Log ;
------------
quartus_map --read_settings_files=on --write_settings_files=off RS232_Communication -c RS232_Communication
quartus_fit --read_settings_files=off --write_settings_files=off RS232_Communication -c RS232_Communication
quartus_asm --read_settings_files=off --write_settings_files=off RS232_Communication -c RS232_Communication
quartus_sta RS232_Communication -c RS232_Communication
quartus_eda --read_settings_files=off --write_settings_files=off RS232_Communication -c RS232_Communication



